## Footprint report - date Monday, November 20, 2023 at 10:49:07 AM
## Created by Pcbnew version kicad (5.1.9-0-10_14)
## Unit = mm, Angle = deg.

$BeginDESCRIPTION

$BOARD
upper_left_corner 89.949000 23.750000
lower_right_corner 209.599001 197.500001
$EndBOARD

$MODULE "G***"
reference "G***"
value "LOGO"
footprint "misc:msl-support-qrcode"
attribut none
position 157.999000 122.600000  orientation 5.00
layer front
$EndMODULE  G***

$MODULE "POGO1"
reference "POGO1"
value "PO pogos"
footprint "misc:813-22-012-30-004101-millmax-pogopins-2x6"
attribut smd
position 154.049000 62.500000  orientation 180.00
layer back
$PAD "12"
Shape Circle Layer back
position -6.350000  1.270000  size  2.000000  2.000000  orientation 0.00
drill  0.000000
shape_offset  0.000000  0.000000
$EndPAD
$PAD "11"
Shape Circle Layer back
position -6.350000 -1.270000  size  2.000000  2.000000  orientation 0.00
drill  0.000000
shape_offset  0.000000  0.000000
$EndPAD
$PAD "10"
Shape Circle Layer back
position -3.810000  1.270000  size  2.000000  2.000000  orientation 0.00
drill  0.000000
shape_offset  0.000000  0.000000
$EndPAD
$PAD "9"
Shape Circle Layer back
position -3.810000 -1.270000  size  2.000000  2.000000  orientation 0.00
drill  0.000000
shape_offset  0.000000  0.000000
$EndPAD
$PAD "8"
Shape Circle Layer back
position -1.270000  1.270000  size  2.000000  2.000000  orientation 0.00
drill  0.000000
shape_offset  0.000000  0.000000
$EndPAD
$PAD "7"
Shape Circle Layer back
position -1.270000 -1.270000  size  2.000000  2.000000  orientation 0.00
drill  0.000000
shape_offset  0.000000  0.000000
$EndPAD
$PAD "6"
Shape Circle Layer back
position  1.270000  1.270000  size  2.000000  2.000000  orientation 0.00
drill  0.000000
shape_offset  0.000000  0.000000
$EndPAD
$PAD "5"
Shape Circle Layer back
position  1.270000 -1.270000  size  2.000000  2.000000  orientation 0.00
drill  0.000000
shape_offset  0.000000  0.000000
$EndPAD
$PAD "4"
Shape Circle Layer back
position  3.810000  1.270000  size  2.000000  2.000000  orientation 0.00
drill  0.000000
shape_offset  0.000000  0.000000
$EndPAD
$PAD "3"
Shape Circle Layer back
position  3.810000 -1.270000  size  2.000000  2.000000  orientation 0.00
drill  0.000000
shape_offset  0.000000  0.000000
$EndPAD
$PAD "2"
Shape Circle Layer back
position  6.350000  1.270000  size  2.000000  2.000000  orientation 0.00
drill  0.000000
shape_offset  0.000000  0.000000
$EndPAD
$PAD "1"
Shape Circle Layer back
position  6.350000 -1.270000  size  2.000000  2.000000  orientation 0.00
drill  0.000000
shape_offset  0.000000  0.000000
$EndPAD
$EndMODULE  POGO1

$MODULE "JP10"
reference "JP10"
value "Jumper"
footprint "Connector_PinHeader_2.54mm:PinHeader_1x02_P2.54mm_Vertical"
attribut none
position 163.399000 156.850000  orientation 180.00
layer back
$PAD "2"
Shape Oval Layer both
position  0.000000 -2.540000  size  1.700000  1.700000  orientation 0.00
drill  1.000000
shape_offset  0.000000  0.000000
$EndPAD
$PAD "1"
Shape Rect Layer both
position  0.000000  0.000000  size  1.700000  1.700000  orientation 0.00
drill  1.000000
shape_offset  0.000000  0.000000
$EndPAD
$EndMODULE  JP10

$MODULE "J2"
reference "J2"
value "SJ-3523-SMT"
footprint "misc:CUI_SJ-3523-SMT-TR"
attribut smd
position 178.000000 50.350000  orientation 180.00
layer back
$PAD "None"
Shape Circle Layer both
position  7.000000  0.000000  size  1.700000  1.700000  orientation 0.00
drill  1.700000
shape_offset  0.000000  0.000000
$EndPAD
$PAD "2"
Shape Rect Layer back
position  8.300000 -3.700000  size  2.800000  2.800000  orientation 0.00
drill  0.000000
shape_offset  0.000000  0.000000
$EndPAD
$PAD "1"
Shape Rect Layer back
position -1.100000 -3.700000  size  2.200000  2.800000  orientation 0.00
drill  0.000000
shape_offset  0.000000  0.000000
$EndPAD
$PAD "3"
Shape Rect Layer back
position  0.900000  3.700000  size  2.200000  2.800000  orientation 0.00
drill  0.000000
shape_offset  0.000000  0.000000
$EndPAD
$PAD "None"
Shape Circle Layer both
position  0.000000  0.000000  size  1.700000  1.700000  orientation 0.00
drill  1.700000
shape_offset  0.000000  0.000000
$EndPAD
$EndMODULE  J2

$MODULE "J1"
reference "J1"
value "SJ-3523-SMT"
footprint "misc:CUI_SJ-3523-SMT-TR"
attribut smd
position 130.100000 50.100000  orientation 0.00
layer back
$PAD "None"
Shape Circle Layer both
position  7.000000  0.000000  size  1.700000  1.700000  orientation 0.00
drill  1.700000
shape_offset  0.000000  0.000000
$EndPAD
$PAD "2"
Shape Rect Layer back
position  8.300000 -3.700000  size  2.800000  2.800000  orientation 0.00
drill  0.000000
shape_offset  0.000000  0.000000
$EndPAD
$PAD "1"
Shape Rect Layer back
position -1.100000 -3.700000  size  2.200000  2.800000  orientation 0.00
drill  0.000000
shape_offset  0.000000  0.000000
$EndPAD
$PAD "3"
Shape Rect Layer back
position  0.900000  3.700000  size  2.200000  2.800000  orientation 0.00
drill  0.000000
shape_offset  0.000000  0.000000
$EndPAD
$PAD "None"
Shape Circle Layer both
position  0.000000  0.000000  size  1.700000  1.700000  orientation 0.00
drill  1.700000
shape_offset  0.000000  0.000000
$EndPAD
$EndMODULE  J1

$MODULE "C16"
reference "C16"
value "100uf"
footprint "Capacitor_SMD:CP_Elec_5x4.4"
attribut smd
position 177.149000 154.950000  orientation 0.00
layer back
$PAD "2"
Shape Roundrect Layer back
position  2.200000  0.000000  size  3.000000  1.600000  orientation 0.00
drill  0.000000
shape_offset  0.000000  0.000000
$EndPAD
$PAD "1"
Shape Roundrect Layer back
position -2.200000  0.000000  size  3.000000  1.600000  orientation 0.00
drill  0.000000
shape_offset  0.000000  0.000000
$EndPAD
$EndMODULE  C16

$MODULE "C15"
reference "C15"
value "100uf"
footprint "Capacitor_SMD:CP_Elec_5x4.4"
attribut smd
position 131.029000 155.000000  orientation 180.00
layer back
$PAD "2"
Shape Roundrect Layer back
position  2.200000  0.000000  size  3.000000  1.600000  orientation 0.00
drill  0.000000
shape_offset  0.000000  0.000000
$EndPAD
$PAD "1"
Shape Roundrect Layer back
position -2.200000  0.000000  size  3.000000  1.600000  orientation 0.00
drill  0.000000
shape_offset  0.000000  0.000000
$EndPAD
$EndMODULE  C15

$MODULE "U1"
reference "U1"
value "XC6415"
footprint "Package_TO_SOT_SMD:SOT-23-6"
attribut smd
position 141.949000 152.400000  orientation 90.00
layer back
$PAD "5"
Shape Rect Layer back
position  1.100000  0.000000  size  1.060000  0.650000  orientation 0.00
drill  0.000000
shape_offset  0.000000  0.000000
$EndPAD
$PAD "6"
Shape Rect Layer back
position  1.100000  0.950000  size  1.060000  0.650000  orientation 0.00
drill  0.000000
shape_offset  0.000000  0.000000
$EndPAD
$PAD "4"
Shape Rect Layer back
position  1.100000 -0.950000  size  1.060000  0.650000  orientation 0.00
drill  0.000000
shape_offset  0.000000  0.000000
$EndPAD
$PAD "3"
Shape Rect Layer back
position -1.100000 -0.950000  size  1.060000  0.650000  orientation 0.00
drill  0.000000
shape_offset  0.000000  0.000000
$EndPAD
$PAD "2"
Shape Rect Layer back
position -1.100000  0.000000  size  1.060000  0.650000  orientation 0.00
drill  0.000000
shape_offset  0.000000  0.000000
$EndPAD
$PAD "1"
Shape Rect Layer back
position -1.100000  0.950000  size  1.060000  0.650000  orientation 0.00
drill  0.000000
shape_offset  0.000000  0.000000
$EndPAD
$EndMODULE  U1

$MODULE "J5"
reference "J5"
value "USB4105-GF-A"
footprint "misc:HRO_TYPE-C-31-M-12-Paste-Lugs"
attribut none
position 154.039000 158.440000  orientation 180.00
layer back
$PAD "1"
Shape Rect Layer back
position -3.730000  0.020000  size  0.500000  2.100000  orientation 0.00
drill  0.000000
shape_offset  0.000000  0.000000
$EndPAD
$PAD "1"
Shape Rect Layer back
position  3.720000 -0.010000  size  0.500000  2.100000  orientation 0.00
drill  0.000000
shape_offset  0.000000  0.000000
$EndPAD
$PAD "1"
Shape Rect Layer back
position  4.920000 -0.020000  size  0.500000  2.100000  orientation 0.00
drill  0.000000
shape_offset  0.000000  0.000000
$EndPAD
$PAD "1"
Shape Rect Layer back
position  4.910000  4.180000  size  0.500000  2.100000  orientation 0.00
drill  0.000000
shape_offset  0.000000  0.000000
$EndPAD
$PAD "1"
Shape Rect Layer back
position -4.900000  4.170000  size  0.500000  2.100000  orientation 0.00
drill  0.000000
shape_offset  0.000000  0.000000
$EndPAD
$PAD "1"
Shape Rect Layer back
position -4.900000  0.010000  size  0.500000  2.100000  orientation 0.00
drill  0.000000
shape_offset  0.000000  0.000000
$EndPAD
$PAD "A1B12"
Shape Rect Layer back
position -3.250000  5.095000  size  0.600000  1.450000  orientation 0.00
drill  0.000000
shape_offset  0.000000  0.000000
$EndPAD
$PAD "A4B9"
Shape Rect Layer back
position -2.450000  5.095000  size  0.600000  1.450000  orientation 0.00
drill  0.000000
shape_offset  0.000000  0.000000
$EndPAD
$PAD "A6"
Shape Rect Layer back
position -0.250000  5.095000  size  0.300000  1.450000  orientation 0.00
drill  0.000000
shape_offset  0.000000  0.000000
$EndPAD
$PAD "B7"
Shape Rect Layer back
position -0.750000  5.095000  size  0.300000  1.450000  orientation 0.00
drill  0.000000
shape_offset  0.000000  0.000000
$EndPAD
$PAD "A5"
Shape Rect Layer back
position -1.250000  5.095000  size  0.300000  1.450000  orientation 0.00
drill  0.000000
shape_offset  0.000000  0.000000
$EndPAD
$PAD "B8"
Shape Rect Layer back
position -1.750000  5.095000  size  0.300000  1.450000  orientation 0.00
drill  0.000000
shape_offset  0.000000  0.000000
$EndPAD
$PAD "A7"
Shape Rect Layer back
position  0.250000  5.095000  size  0.300000  1.450000  orientation 0.00
drill  0.000000
shape_offset  0.000000  0.000000
$EndPAD
$PAD "B6"
Shape Rect Layer back
position  0.750000  5.095000  size  0.300000  1.450000  orientation 0.00
drill  0.000000
shape_offset  0.000000  0.000000
$EndPAD
$PAD "A8"
Shape Rect Layer back
position  1.250000  5.095000  size  0.300000  1.450000  orientation 0.00
drill  0.000000
shape_offset  0.000000  0.000000
$EndPAD
$PAD "B5"
Shape Rect Layer back
position  1.750000  5.095000  size  0.300000  1.450000  orientation 0.00
drill  0.000000
shape_offset  0.000000  0.000000
$EndPAD
$PAD "B4A9"
Shape Rect Layer back
position  2.450000  5.095000  size  0.600000  1.450000  orientation 0.00
drill  0.000000
shape_offset  0.000000  0.000000
$EndPAD
$PAD "B1A12"
Shape Rect Layer back
position  3.250000  5.095000  size  0.600000  1.450000  orientation 0.00
drill  0.000000
shape_offset  0.000000  0.000000
$EndPAD
$PAD "S1"
Shape Oval Layer both
position -4.320000  4.180000  size  1.050000  2.100000  orientation 0.00
drill  0.650000
shape_offset  0.000000  0.000000
$EndPAD
$PAD "S2"
Shape Oval Layer both
position  4.320000  4.180000  size  1.050000  2.100000  orientation 0.00
drill  0.650000
shape_offset  0.000000  0.000000
$EndPAD
$PAD "S4"
Shape Oval Layer both
position  4.320000  0.000000  size  1.500000  2.100000  orientation 0.00
drill  0.650000
shape_offset  0.000000  0.000000
$EndPAD
$PAD "None"
Shape Circle Layer both
position -2.890000  3.650000  size  0.700000  0.700000  orientation 0.00
drill  0.700000
shape_offset  0.000000  0.000000
$EndPAD
$PAD "None"
Shape Circle Layer both
position  2.890000  3.650000  size  0.700000  0.700000  orientation 0.00
drill  0.700000
shape_offset  0.000000  0.000000
$EndPAD
$PAD "S3"
Shape Oval Layer both
position -4.320000  0.000000  size  1.500000  2.100000  orientation 0.00
drill  0.650000
shape_offset  0.000000  0.000000
$EndPAD
$EndMODULE  J5

$MODULE "U2"
reference "U2"
value "XC6501D331NR-G"
footprint "misc:XC6501D331NR-G"
attribut none
position 133.749000 143.400000  orientation 0.00
layer back
$PAD "4"
Shape Rect Layer back
position -0.649999  0.901700  size  0.330200  1.016000  orientation 0.00
drill  0.000000
shape_offset  0.000000  0.000000
$EndPAD
$PAD "3"
Shape Rect Layer back
position  0.649999  0.901700  size  0.330200  1.016000  orientation 0.00
drill  0.000000
shape_offset  0.000000  0.000000
$EndPAD
$PAD "2"
Shape Rect Layer back
position  0.599200 -0.901700  size  0.431800  1.016000  orientation 0.00
drill  0.000000
shape_offset  0.000000  0.000000
$EndPAD
$PAD "1"
Shape Rect Layer back
position -0.650000 -0.901700  size  0.330200  1.016000  orientation 0.00
drill  0.000000
shape_offset  0.000000  0.000000
$EndPAD
$EndMODULE  U2

$MODULE "D2"
reference "D2"
value "shottky"
footprint "Diode_SMD:D_0603_1608Metric"
attribut smd
position 166.649000 150.125000  orientation 90.00
layer back
$PAD "2"
Shape Roundrect Layer back
position  0.787500  0.000000  size  0.875000  0.950000  orientation 0.00
drill  0.000000
shape_offset  0.000000  0.000000
$EndPAD
$PAD "1"
Shape Roundrect Layer back
position -0.787500  0.000000  size  0.875000  0.950000  orientation 0.00
drill  0.000000
shape_offset  0.000000  0.000000
$EndPAD
$EndMODULE  D2

$MODULE "R22"
reference "R22"
value "220k"
footprint "Resistor_SMD:R_0805_2012Metric"
attribut smd
position 180.649000 67.350000  orientation 270.00
layer back
$PAD "2"
Shape Roundrect Layer back
position  0.912500  0.000000  size  1.025000  1.400000  orientation 0.00
drill  0.000000
shape_offset  0.000000  0.000000
$EndPAD
$PAD "1"
Shape Roundrect Layer back
position -0.912500  0.000000  size  1.025000  1.400000  orientation 0.00
drill  0.000000
shape_offset  0.000000  0.000000
$EndPAD
$EndMODULE  R22

$MODULE "R21"
reference "R21"
value "100k"
footprint "Resistor_SMD:R_0805_2012Metric"
attribut smd
position 178.599000 67.350000  orientation 90.00
layer back
$PAD "2"
Shape Roundrect Layer back
position  0.912500  0.000000  size  1.025000  1.400000  orientation 0.00
drill  0.000000
shape_offset  0.000000  0.000000
$EndPAD
$PAD "1"
Shape Roundrect Layer back
position -0.912500  0.000000  size  1.025000  1.400000  orientation 0.00
drill  0.000000
shape_offset  0.000000  0.000000
$EndPAD
$EndMODULE  R21

$MODULE "D4"
reference "D4"
value "200mv drop"
footprint "Diode_SMD:D_SMB"
attribut smd
position 129.449000 125.400000  orientation 270.00
layer back
$PAD "2"
Shape Rect Layer back
position  2.150000  0.000000  size  2.500000  2.300000  orientation 0.00
drill  0.000000
shape_offset  0.000000  0.000000
$EndPAD
$PAD "1"
Shape Rect Layer back
position -2.150000  0.000000  size  2.500000  2.300000  orientation 0.00
drill  0.000000
shape_offset  0.000000  0.000000
$EndPAD
$EndMODULE  D4

$MODULE "C35"
reference "C35"
value "0.1uf"
footprint "Capacitor_SMD:C_0805_2012Metric"
attribut smd
position 158.274000 144.000000  orientation 0.00
layer back
$PAD "2"
Shape Roundrect Layer back
position  0.950000  0.000000  size  1.000000  1.450000  orientation 0.00
drill  0.000000
shape_offset  0.000000  0.000000
$EndPAD
$PAD "1"
Shape Roundrect Layer back
position -0.950000  0.000000  size  1.000000  1.450000  orientation 0.00
drill  0.000000
shape_offset  0.000000  0.000000
$EndPAD
$EndMODULE  C35

$MODULE "C31"
reference "C31"
value "0.1uf ceramic"
footprint "Capacitor_SMD:C_0805_2012Metric"
attribut smd
position 131.224000 143.375000  orientation 90.00
layer back
$PAD "2"
Shape Roundrect Layer back
position  0.950000  0.000000  size  1.000000  1.450000  orientation 0.00
drill  0.000000
shape_offset  0.000000  0.000000
$EndPAD
$PAD "1"
Shape Roundrect Layer back
position -0.950000  0.000000  size  1.000000  1.450000  orientation 0.00
drill  0.000000
shape_offset  0.000000  0.000000
$EndPAD
$EndMODULE  C31

$MODULE "G***"
reference "G***"
value "LOGO"
footprint "misc:UKCA logo 5x5mm"
attribut none
position 128.141000 158.034000  orientation 0.00
layer front
$EndMODULE  G***

$MODULE "G***"
reference "G***"
value "LOGO"
footprint "misc:glutenfree 5x5mm"
attribut none
position 180.299000 158.050000  orientation 0.00
layer front
$EndMODULE  G***

$MODULE "G***"
reference "G***"
value "LOGO"
footprint "misc:CE logo 7x5mm"
attribut none
position 140.079000 158.034000  orientation 0.00
layer front
$EndMODULE  G***

$MODULE "G***"
reference "G***"
value "LOGO"
footprint "misc:FCC logo 5x6mm"
attribut none
position 168.299000 158.000000  orientation 0.00
layer front
$EndMODULE  G***

$MODULE "J7"
reference "J7"
value "test point"
footprint "Connector_PinHeader_2.54mm:PinHeader_1x02_P2.54mm_Vertical"
attribut none
position 133.624000 126.750000  orientation 0.00
layer back
$PAD "2"
Shape Oval Layer both
position  0.000000 -2.540000  size  1.700000  1.700000  orientation 0.00
drill  1.000000
shape_offset  0.000000  0.000000
$EndPAD
$PAD "1"
Shape Rect Layer both
position  0.000000  0.000000  size  1.700000  1.700000  orientation 0.00
drill  1.000000
shape_offset  0.000000  0.000000
$EndPAD
$EndMODULE  J7

$MODULE "J6 DNC"
reference "J6 DNC"
value "Conn_ARM_JTAG_SWD_10"
footprint "Connector_PinHeader_1.27mm:PinHeader_2x05_P1.27mm_Horizontal"
attribut none
position 176.949000 127.400000  orientation 0.00
layer back
$PAD "10"
Shape Oval Layer both
position  1.270000 -5.080000  size  1.000000  1.000000  orientation 0.00
drill  0.650000
shape_offset  0.000000  0.000000
$EndPAD
$PAD "9"
Shape Oval Layer both
position  0.000000 -5.080000  size  1.000000  1.000000  orientation 0.00
drill  0.650000
shape_offset  0.000000  0.000000
$EndPAD
$PAD "8"
Shape Oval Layer both
position  1.270000 -3.810000  size  1.000000  1.000000  orientation 0.00
drill  0.650000
shape_offset  0.000000  0.000000
$EndPAD
$PAD "7"
Shape Oval Layer both
position  0.000000 -3.810000  size  1.000000  1.000000  orientation 0.00
drill  0.650000
shape_offset  0.000000  0.000000
$EndPAD
$PAD "6"
Shape Oval Layer both
position  1.270000 -2.540000  size  1.000000  1.000000  orientation 0.00
drill  0.650000
shape_offset  0.000000  0.000000
$EndPAD
$PAD "5"
Shape Oval Layer both
position  0.000000 -2.540000  size  1.000000  1.000000  orientation 0.00
drill  0.650000
shape_offset  0.000000  0.000000
$EndPAD
$PAD "4"
Shape Oval Layer both
position  1.270000 -1.270000  size  1.000000  1.000000  orientation 0.00
drill  0.650000
shape_offset  0.000000  0.000000
$EndPAD
$PAD "3"
Shape Oval Layer both
position  0.000000 -1.270000  size  1.000000  1.000000  orientation 0.00
drill  0.650000
shape_offset  0.000000  0.000000
$EndPAD
$PAD "2"
Shape Oval Layer both
position  1.270000  0.000000  size  1.000000  1.000000  orientation 0.00
drill  0.650000
shape_offset  0.000000  0.000000
$EndPAD
$PAD "1"
Shape Rect Layer both
position  0.000000  0.000000  size  1.000000  1.000000  orientation 0.00
drill  0.650000
shape_offset  0.000000  0.000000
$EndPAD
$EndMODULE  J6 DNC

$MODULE "U7"
reference "U7"
value "NL27WZ16DTT1G"
footprint "misc:NL27WZ16DTT1G"
attribut none
position 172.199000 112.500000  orientation 90.00
layer back
$PAD "6"
Shape Rect Layer back
position  1.352550  0.950001  size  1.003300  0.558800  orientation 0.00
drill  0.000000
shape_offset  0.000000  0.000000
$EndPAD
$PAD "5"
Shape Rect Layer back
position  1.352550  0.000000  size  1.003300  0.558800  orientation 0.00
drill  0.000000
shape_offset  0.000000  0.000000
$EndPAD
$PAD "4"
Shape Rect Layer back
position  1.352550 -0.950001  size  1.003300  0.558800  orientation 0.00
drill  0.000000
shape_offset  0.000000  0.000000
$EndPAD
$PAD "3"
Shape Rect Layer back
position -1.352550 -0.950001  size  1.003300  0.558800  orientation 0.00
drill  0.000000
shape_offset  0.000000  0.000000
$EndPAD
$PAD "2"
Shape Rect Layer back
position -1.352550  0.000000  size  1.003300  0.558800  orientation 0.00
drill  0.000000
shape_offset  0.000000  0.000000
$EndPAD
$PAD "1"
Shape Rect Layer back
position -1.352550  0.950001  size  1.003300  0.558800  orientation 0.00
drill  0.000000
shape_offset  0.000000  0.000000
$EndPAD
$EndMODULE  U7

$MODULE "U4"
reference "U4"
value "NL27WZ16DTT1G"
footprint "misc:NL27WZ16DTT1G"
attribut none
position 160.849000 112.530000  orientation 90.00
layer back
$PAD "6"
Shape Rect Layer back
position  1.352550  0.950001  size  1.003300  0.558800  orientation 0.00
drill  0.000000
shape_offset  0.000000  0.000000
$EndPAD
$PAD "5"
Shape Rect Layer back
position  1.352550  0.000000  size  1.003300  0.558800  orientation 0.00
drill  0.000000
shape_offset  0.000000  0.000000
$EndPAD
$PAD "4"
Shape Rect Layer back
position  1.352550 -0.950001  size  1.003300  0.558800  orientation 0.00
drill  0.000000
shape_offset  0.000000  0.000000
$EndPAD
$PAD "3"
Shape Rect Layer back
position -1.352550 -0.950001  size  1.003300  0.558800  orientation 0.00
drill  0.000000
shape_offset  0.000000  0.000000
$EndPAD
$PAD "2"
Shape Rect Layer back
position -1.352550  0.000000  size  1.003300  0.558800  orientation 0.00
drill  0.000000
shape_offset  0.000000  0.000000
$EndPAD
$PAD "1"
Shape Rect Layer back
position -1.352550  0.950001  size  1.003300  0.558800  orientation 0.00
drill  0.000000
shape_offset  0.000000  0.000000
$EndPAD
$EndMODULE  U4

$MODULE "D1"
reference "D1"
value "<100mv drop"
footprint "Diode_SMD:D_SMB"
attribut smd
position 137.899000 125.450000  orientation 90.00
layer back
$PAD "2"
Shape Rect Layer back
position  2.150000  0.000000  size  2.500000  2.300000  orientation 0.00
drill  0.000000
shape_offset  0.000000  0.000000
$EndPAD
$PAD "1"
Shape Rect Layer back
position -2.150000  0.000000  size  2.500000  2.300000  orientation 0.00
drill  0.000000
shape_offset  0.000000  0.000000
$EndPAD
$EndMODULE  D1

$MODULE "C37"
reference "C37"
value "TBD/DNC"
footprint "Capacitor_SMD:C_0603_1608Metric"
attribut smd
position 157.899000 121.600000  orientation 0.00
layer back
$PAD "2"
Shape Roundrect Layer back
position  0.775000  0.000000  size  0.900000  0.950000  orientation 0.00
drill  0.000000
shape_offset  0.000000  0.000000
$EndPAD
$PAD "1"
Shape Roundrect Layer back
position -0.775000  0.000000  size  0.900000  0.950000  orientation 0.00
drill  0.000000
shape_offset  0.000000  0.000000
$EndPAD
$EndMODULE  C37

$MODULE "C36"
reference "C36"
value "TBD/DNC"
footprint "Capacitor_SMD:C_0603_1608Metric"
attribut smd
position 149.949000 123.100000  orientation 0.00
layer back
$PAD "2"
Shape Roundrect Layer back
position  0.775000  0.000000  size  0.900000  0.950000  orientation 0.00
drill  0.000000
shape_offset  0.000000  0.000000
$EndPAD
$PAD "1"
Shape Roundrect Layer back
position -0.775000  0.000000  size  0.900000  0.950000  orientation 0.00
drill  0.000000
shape_offset  0.000000  0.000000
$EndPAD
$EndMODULE  C36

$MODULE "C1"
reference "C1"
value "1uf ceramic"
footprint "Capacitor_SMD:C_0805_2012Metric"
attribut smd
position 145.499000 151.800000  orientation 90.00
layer back
$PAD "2"
Shape Roundrect Layer back
position  0.950000  0.000000  size  1.000000  1.450000  orientation 0.00
drill  0.000000
shape_offset  0.000000  0.000000
$EndPAD
$PAD "1"
Shape Roundrect Layer back
position -0.950000  0.000000  size  1.000000  1.450000  orientation 0.00
drill  0.000000
shape_offset  0.000000  0.000000
$EndPAD
$EndMODULE  C1

$MODULE "LED1"
reference "LED1"
value "CSL1901VW1"
footprint "LED_SMD:LED_0603_1608Metric"
attribut smd
position 125.599000 45.900000  orientation 270.00
layer back
$PAD "2"
Shape Roundrect Layer back
position  0.787500  0.000000  size  0.875000  0.950000  orientation 0.00
drill  0.000000
shape_offset  0.000000  0.000000
$EndPAD
$PAD "1"
Shape Roundrect Layer back
position -0.787500  0.000000  size  0.875000  0.950000  orientation 0.00
drill  0.000000
shape_offset  0.000000  0.000000
$EndPAD
$EndMODULE  LED1

$MODULE "C11"
reference "C11"
value "6pf"
footprint "Capacitor_SMD:C_0603_1608Metric"
attribut smd
position 157.899000 123.100000  orientation 0.00
layer back
$PAD "1"
Shape Roundrect Layer back
position -0.775000  0.000000  size  0.900000  0.950000  orientation 0.00
drill  0.000000
shape_offset  0.000000  0.000000
$EndPAD
$PAD "2"
Shape Roundrect Layer back
position  0.775000  0.000000  size  0.900000  0.950000  orientation 0.00
drill  0.000000
shape_offset  0.000000  0.000000
$EndPAD
$EndMODULE  C11

$MODULE "Y1"
reference "Y1"
value "Crystal"
footprint "Crystal:Crystal_SMD_2520-4Pin_2.5x2.0mm"
attribut smd
position 154.029000 122.340000  orientation 0.00
layer back
$PAD "4"
Shape Rect Layer back
position -0.875000  0.700000  size  1.150000  1.000000  orientation 0.00
drill  0.000000
shape_offset  0.000000  0.000000
$EndPAD
$PAD "3"
Shape Rect Layer back
position  0.875000  0.700000  size  1.150000  1.000000  orientation 0.00
drill  0.000000
shape_offset  0.000000  0.000000
$EndPAD
$PAD "2"
Shape Rect Layer back
position  0.875000 -0.700000  size  1.150000  1.000000  orientation 0.00
drill  0.000000
shape_offset  0.000000  0.000000
$EndPAD
$PAD "1"
Shape Rect Layer back
position -0.875000 -0.700000  size  1.150000  1.000000  orientation 0.00
drill  0.000000
shape_offset  0.000000  0.000000
$EndPAD
$EndMODULE  Y1

$MODULE "C12"
reference "C12"
value "6pf"
footprint "Capacitor_SMD:C_0603_1608Metric"
attribut smd
position 149.949000 121.600000  orientation 0.00
layer back
$PAD "2"
Shape Roundrect Layer back
position  0.775000  0.000000  size  0.900000  0.950000  orientation 0.00
drill  0.000000
shape_offset  0.000000  0.000000
$EndPAD
$PAD "1"
Shape Roundrect Layer back
position -0.775000  0.000000  size  0.900000  0.950000  orientation 0.00
drill  0.000000
shape_offset  0.000000  0.000000
$EndPAD
$EndMODULE  C12

$MODULE "C34"
reference "C34"
value "0.1uf"
footprint "Capacitor_SMD:C_0805_2012Metric"
attribut smd
position 143.249000 62.500000  orientation 270.00
layer back
$PAD "2"
Shape Roundrect Layer back
position  0.950000  0.000000  size  1.000000  1.450000  orientation 0.00
drill  0.000000
shape_offset  0.000000  0.000000
$EndPAD
$PAD "1"
Shape Roundrect Layer back
position -0.950000  0.000000  size  1.000000  1.450000  orientation 0.00
drill  0.000000
shape_offset  0.000000  0.000000
$EndPAD
$EndMODULE  C34

$MODULE "JP11"
reference "JP11"
value "Jumper"
footprint "Jumper:SolderJumper-2_P1.3mm_Bridged2Bar_Pad1.0x1.5mm"
attribut virtual
position 132.899000 149.900000  orientation 0.00
layer back
$PAD "1"
Shape Rect Layer back
position -0.650000  0.000000  size  1.000000  1.500000  orientation 0.00
drill  0.000000
shape_offset  0.000000  0.000000
$EndPAD
$PAD "2"
Shape Rect Layer back
position  0.650000  0.000000  size  1.000000  1.500000  orientation 0.00
drill  0.000000
shape_offset  0.000000  0.000000
$EndPAD
$EndMODULE  JP11

$MODULE "JP9"
reference "JP9"
value "Jumper"
footprint "Jumper:SolderJumper-2_P1.3mm_Bridged2Bar_Pad1.0x1.5mm"
attribut virtual
position 136.799000 151.900000  orientation 270.00
layer back
$PAD "2"
Shape Rect Layer back
position  0.650000  0.000000  size  1.000000  1.500000  orientation 0.00
drill  0.000000
shape_offset  0.000000  0.000000
$EndPAD
$PAD "1"
Shape Rect Layer back
position -0.650000  0.000000  size  1.000000  1.500000  orientation 0.00
drill  0.000000
shape_offset  0.000000  0.000000
$EndPAD
$EndMODULE  JP9

$MODULE "SW3"
reference "SW3"
value "EVQP40B3M"
footprint "misc:TL1105VF100Q"
attribut none
position 154.049000 50.840000  orientation 0.00
layer back
$PAD "3"
Shape Circle Layer both
position -3.510000 -2.590000  size  2.000000  2.000000  orientation 0.00
drill  1.200000
shape_offset  0.000000  0.000000
$EndPAD
$PAD "4"
Shape Circle Layer both
position  3.510000 -2.590000  size  2.000000  2.000000  orientation 0.00
drill  1.200000
shape_offset  0.000000  0.000000
$EndPAD
$PAD "1"
Shape Circle Layer both
position -2.240000 -5.080000  size  1.700000  1.700000  orientation 0.00
drill  0.900000
shape_offset  0.000000  0.000000
$EndPAD
$PAD "2"
Shape Circle Layer both
position  2.240000 -5.080000  size  1.700000  1.700000  orientation 0.00
drill  0.900000
shape_offset  0.000000  0.000000
$EndPAD
$EndMODULE  SW3

$MODULE "LED4"
reference "LED4"
value "CSL1901VW1"
footprint "LED_SMD:LED_0603_1608Metric"
attribut smd
position 136.999000 157.750000  orientation 90.00
layer back
$PAD "2"
Shape Roundrect Layer back
position  0.787500  0.000000  size  0.875000  0.950000  orientation 0.00
drill  0.000000
shape_offset  0.000000  0.000000
$EndPAD
$PAD "1"
Shape Roundrect Layer back
position -0.787500  0.000000  size  0.875000  0.950000  orientation 0.00
drill  0.000000
shape_offset  0.000000  0.000000
$EndPAD
$EndMODULE  LED4

$MODULE "LED3"
reference "LED3"
value "CSL1901VW1"
footprint "LED_SMD:LED_0603_1608Metric"
attribut smd
position 154.049000 50.500000  orientation 180.00
layer back
$PAD "2"
Shape Roundrect Layer back
position  0.787500  0.000000  size  0.875000  0.950000  orientation 0.00
drill  0.000000
shape_offset  0.000000  0.000000
$EndPAD
$PAD "1"
Shape Roundrect Layer back
position -0.787500  0.000000  size  0.875000  0.950000  orientation 0.00
drill  0.000000
shape_offset  0.000000  0.000000
$EndPAD
$EndMODULE  LED3

$MODULE "LED2"
reference "LED2"
value "CSL1901VW1"
footprint "LED_SMD:LED_0603_1608Metric"
attribut smd
position 182.639000 46.050000  orientation 270.00
layer back
$PAD "2"
Shape Roundrect Layer back
position  0.787500  0.000000  size  0.875000  0.950000  orientation 0.00
drill  0.000000
shape_offset  0.000000  0.000000
$EndPAD
$PAD "1"
Shape Roundrect Layer back
position -0.787500  0.000000  size  0.875000  0.950000  orientation 0.00
drill  0.000000
shape_offset  0.000000  0.000000
$EndPAD
$EndMODULE  LED2

$MODULE "U5"
reference "U5"
value "RP2040"
footprint "misc:RP2040"
attribut none
position 154.049000 133.700000  orientation 0.00
layer back
$PAD "57"
Shape Rect Layer back
position  0.000000  0.000000  size  3.200400  3.200400  orientation 0.00
drill  0.000000
shape_offset  0.000000  0.000000
$EndPAD
$PAD "56"
Shape Rect Layer back
position -2.641600  3.403600  size  0.177800  0.812800  orientation 0.00
drill  0.000000
shape_offset  0.000000  0.000000
$EndPAD
$PAD "55"
Shape Rect Layer back
position -2.235200  3.403600  size  0.177800  0.812800  orientation 0.00
drill  0.000000
shape_offset  0.000000  0.000000
$EndPAD
$PAD "54"
Shape Rect Layer back
position -1.828800  3.403600  size  0.177800  0.812800  orientation 0.00
drill  0.000000
shape_offset  0.000000  0.000000
$EndPAD
$PAD "53"
Shape Rect Layer back
position -1.422400  3.403600  size  0.177800  0.812800  orientation 0.00
drill  0.000000
shape_offset  0.000000  0.000000
$EndPAD
$PAD "52"
Shape Rect Layer back
position -1.016000  3.403600  size  0.177800  0.812800  orientation 0.00
drill  0.000000
shape_offset  0.000000  0.000000
$EndPAD
$PAD "51"
Shape Rect Layer back
position -0.609600  3.403600  size  0.177800  0.812800  orientation 0.00
drill  0.000000
shape_offset  0.000000  0.000000
$EndPAD
$PAD "50"
Shape Rect Layer back
position -0.203200  3.403600  size  0.177800  0.812800  orientation 0.00
drill  0.000000
shape_offset  0.000000  0.000000
$EndPAD
$PAD "49"
Shape Rect Layer back
position  0.203200  3.403600  size  0.177800  0.812800  orientation 0.00
drill  0.000000
shape_offset  0.000000  0.000000
$EndPAD
$PAD "48"
Shape Rect Layer back
position  0.609600  3.403600  size  0.177800  0.812800  orientation 0.00
drill  0.000000
shape_offset  0.000000  0.000000
$EndPAD
$PAD "47"
Shape Rect Layer back
position  1.016000  3.403600  size  0.177800  0.812800  orientation 0.00
drill  0.000000
shape_offset  0.000000  0.000000
$EndPAD
$PAD "46"
Shape Rect Layer back
position  1.422400  3.403600  size  0.177800  0.812800  orientation 0.00
drill  0.000000
shape_offset  0.000000  0.000000
$EndPAD
$PAD "45"
Shape Rect Layer back
position  1.828800  3.403600  size  0.177800  0.812800  orientation 0.00
drill  0.000000
shape_offset  0.000000  0.000000
$EndPAD
$PAD "44"
Shape Rect Layer back
position  2.235200  3.403600  size  0.177800  0.812800  orientation 0.00
drill  0.000000
shape_offset  0.000000  0.000000
$EndPAD
$PAD "43"
Shape Rect Layer back
position  2.641600  3.403600  size  0.177800  0.812800  orientation 0.00
drill  0.000000
shape_offset  0.000000  0.000000
$EndPAD
$PAD "42"
Shape Rect Layer back
position  3.403600  2.641600  size  0.177800  0.812800  orientation 270.00
drill  0.000000
shape_offset  0.000000  0.000000
$EndPAD
$PAD "41"
Shape Rect Layer back
position  3.403600  2.235200  size  0.177800  0.812800  orientation 270.00
drill  0.000000
shape_offset  0.000000  0.000000
$EndPAD
$PAD "40"
Shape Rect Layer back
position  3.403600  1.828800  size  0.177800  0.812800  orientation 270.00
drill  0.000000
shape_offset  0.000000  0.000000
$EndPAD
$PAD "39"
Shape Rect Layer back
position  3.403600  1.422400  size  0.177800  0.812800  orientation 270.00
drill  0.000000
shape_offset  0.000000  0.000000
$EndPAD
$PAD "38"
Shape Rect Layer back
position  3.403600  1.016000  size  0.177800  0.812800  orientation 270.00
drill  0.000000
shape_offset  0.000000  0.000000
$EndPAD
$PAD "37"
Shape Rect Layer back
position  3.403600  0.609600  size  0.177800  0.812800  orientation 270.00
drill  0.000000
shape_offset  0.000000  0.000000
$EndPAD
$PAD "36"
Shape Rect Layer back
position  3.403600  0.203200  size  0.177800  0.812800  orientation 270.00
drill  0.000000
shape_offset  0.000000  0.000000
$EndPAD
$PAD "35"
Shape Rect Layer back
position  3.403600 -0.203200  size  0.177800  0.812800  orientation 270.00
drill  0.000000
shape_offset  0.000000  0.000000
$EndPAD
$PAD "34"
Shape Rect Layer back
position  3.403600 -0.609600  size  0.177800  0.812800  orientation 270.00
drill  0.000000
shape_offset  0.000000  0.000000
$EndPAD
$PAD "33"
Shape Rect Layer back
position  3.403600 -1.016000  size  0.177800  0.812800  orientation 270.00
drill  0.000000
shape_offset  0.000000  0.000000
$EndPAD
$PAD "32"
Shape Rect Layer back
position  3.403600 -1.422400  size  0.177800  0.812800  orientation 270.00
drill  0.000000
shape_offset  0.000000  0.000000
$EndPAD
$PAD "31"
Shape Rect Layer back
position  3.403600 -1.828800  size  0.177800  0.812800  orientation 270.00
drill  0.000000
shape_offset  0.000000  0.000000
$EndPAD
$PAD "30"
Shape Rect Layer back
position  3.403600 -2.235200  size  0.177800  0.812800  orientation 270.00
drill  0.000000
shape_offset  0.000000  0.000000
$EndPAD
$PAD "29"
Shape Rect Layer back
position  3.403600 -2.641600  size  0.177800  0.812800  orientation 270.00
drill  0.000000
shape_offset  0.000000  0.000000
$EndPAD
$PAD "28"
Shape Rect Layer back
position  2.641600 -3.403600  size  0.177800  0.812800  orientation 0.00
drill  0.000000
shape_offset  0.000000  0.000000
$EndPAD
$PAD "27"
Shape Rect Layer back
position  2.235200 -3.403600  size  0.177800  0.812800  orientation 0.00
drill  0.000000
shape_offset  0.000000  0.000000
$EndPAD
$PAD "26"
Shape Rect Layer back
position  1.828800 -3.403600  size  0.177800  0.812800  orientation 0.00
drill  0.000000
shape_offset  0.000000  0.000000
$EndPAD
$PAD "25"
Shape Rect Layer back
position  1.422400 -3.403600  size  0.177800  0.812800  orientation 0.00
drill  0.000000
shape_offset  0.000000  0.000000
$EndPAD
$PAD "24"
Shape Rect Layer back
position  1.016000 -3.403600  size  0.177800  0.812800  orientation 0.00
drill  0.000000
shape_offset  0.000000  0.000000
$EndPAD
$PAD "23"
Shape Rect Layer back
position  0.609600 -3.403600  size  0.177800  0.812800  orientation 0.00
drill  0.000000
shape_offset  0.000000  0.000000
$EndPAD
$PAD "22"
Shape Rect Layer back
position  0.203200 -3.403600  size  0.177800  0.812800  orientation 0.00
drill  0.000000
shape_offset  0.000000  0.000000
$EndPAD
$PAD "21"
Shape Rect Layer back
position -0.203200 -3.403600  size  0.177800  0.812800  orientation 0.00
drill  0.000000
shape_offset  0.000000  0.000000
$EndPAD
$PAD "20"
Shape Rect Layer back
position -0.609600 -3.403600  size  0.177800  0.812800  orientation 0.00
drill  0.000000
shape_offset  0.000000  0.000000
$EndPAD
$PAD "19"
Shape Rect Layer back
position -1.016000 -3.403600  size  0.177800  0.812800  orientation 0.00
drill  0.000000
shape_offset  0.000000  0.000000
$EndPAD
$PAD "18"
Shape Rect Layer back
position -1.422400 -3.403600  size  0.177800  0.812800  orientation 0.00
drill  0.000000
shape_offset  0.000000  0.000000
$EndPAD
$PAD "17"
Shape Rect Layer back
position -1.828800 -3.403600  size  0.177800  0.812800  orientation 0.00
drill  0.000000
shape_offset  0.000000  0.000000
$EndPAD
$PAD "16"
Shape Rect Layer back
position -2.235200 -3.403600  size  0.177800  0.812800  orientation 0.00
drill  0.000000
shape_offset  0.000000  0.000000
$EndPAD
$PAD "15"
Shape Rect Layer back
position -2.641600 -3.403600  size  0.177800  0.812800  orientation 0.00
drill  0.000000
shape_offset  0.000000  0.000000
$EndPAD
$PAD "14"
Shape Rect Layer back
position -3.403600 -2.641600  size  0.177800  0.812800  orientation 270.00
drill  0.000000
shape_offset  0.000000  0.000000
$EndPAD
$PAD "13"
Shape Rect Layer back
position -3.403600 -2.235200  size  0.177800  0.812800  orientation 270.00
drill  0.000000
shape_offset  0.000000  0.000000
$EndPAD
$PAD "12"
Shape Rect Layer back
position -3.403600 -1.828800  size  0.177800  0.812800  orientation 270.00
drill  0.000000
shape_offset  0.000000  0.000000
$EndPAD
$PAD "11"
Shape Rect Layer back
position -3.403600 -1.422400  size  0.177800  0.812800  orientation 270.00
drill  0.000000
shape_offset  0.000000  0.000000
$EndPAD
$PAD "10"
Shape Rect Layer back
position -3.403600 -1.016000  size  0.177800  0.812800  orientation 270.00
drill  0.000000
shape_offset  0.000000  0.000000
$EndPAD
$PAD "9"
Shape Rect Layer back
position -3.403600 -0.609600  size  0.177800  0.812800  orientation 270.00
drill  0.000000
shape_offset  0.000000  0.000000
$EndPAD
$PAD "8"
Shape Rect Layer back
position -3.403600 -0.203200  size  0.177800  0.812800  orientation 270.00
drill  0.000000
shape_offset  0.000000  0.000000
$EndPAD
$PAD "7"
Shape Rect Layer back
position -3.403600  0.203200  size  0.177800  0.812800  orientation 270.00
drill  0.000000
shape_offset  0.000000  0.000000
$EndPAD
$PAD "6"
Shape Rect Layer back
position -3.403600  0.609600  size  0.177800  0.812800  orientation 270.00
drill  0.000000
shape_offset  0.000000  0.000000
$EndPAD
$PAD "5"
Shape Rect Layer back
position -3.403600  1.016000  size  0.177800  0.812800  orientation 270.00
drill  0.000000
shape_offset  0.000000  0.000000
$EndPAD
$PAD "4"
Shape Rect Layer back
position -3.403600  1.422400  size  0.177800  0.812800  orientation 270.00
drill  0.000000
shape_offset  0.000000  0.000000
$EndPAD
$PAD "3"
Shape Rect Layer back
position -3.403600  1.828800  size  0.177800  0.812800  orientation 270.00
drill  0.000000
shape_offset  0.000000  0.000000
$EndPAD
$PAD "2"
Shape Rect Layer back
position -3.403600  2.235200  size  0.177800  0.812800  orientation 270.00
drill  0.000000
shape_offset  0.000000  0.000000
$EndPAD
$PAD "1"
Shape Rect Layer back
position -3.403600  2.641600  size  0.177800  0.812800  orientation 270.00
drill  0.000000
shape_offset  0.000000  0.000000
$EndPAD
$EndMODULE  U5

$MODULE "U6"
reference "U6"
value "IS25WP128F-JBLE"
footprint "Package_SO:SOIC-8_5.23x5.23mm_P1.27mm"
attribut smd
position 142.999000 144.000000  orientation 270.00
layer back
$PAD "8"
Shape Roundrect Layer back
position  3.600000  1.905000  size  1.600000  0.600000  orientation 0.00
drill  0.000000
shape_offset  0.000000  0.000000
$EndPAD
$PAD "7"
Shape Roundrect Layer back
position  3.600000  0.635000  size  1.600000  0.600000  orientation 0.00
drill  0.000000
shape_offset  0.000000  0.000000
$EndPAD
$PAD "6"
Shape Roundrect Layer back
position  3.600000 -0.635000  size  1.600000  0.600000  orientation 0.00
drill  0.000000
shape_offset  0.000000  0.000000
$EndPAD
$PAD "5"
Shape Roundrect Layer back
position  3.600000 -1.905000  size  1.600000  0.600000  orientation 0.00
drill  0.000000
shape_offset  0.000000  0.000000
$EndPAD
$PAD "4"
Shape Roundrect Layer back
position -3.600000 -1.905000  size  1.600000  0.600000  orientation 0.00
drill  0.000000
shape_offset  0.000000  0.000000
$EndPAD
$PAD "3"
Shape Roundrect Layer back
position -3.600000 -0.635000  size  1.600000  0.600000  orientation 0.00
drill  0.000000
shape_offset  0.000000  0.000000
$EndPAD
$PAD "2"
Shape Roundrect Layer back
position -3.600000  0.635000  size  1.600000  0.600000  orientation 0.00
drill  0.000000
shape_offset  0.000000  0.000000
$EndPAD
$PAD "1"
Shape Roundrect Layer back
position -3.600000  1.905000  size  1.600000  0.600000  orientation 0.00
drill  0.000000
shape_offset  0.000000  0.000000
$EndPAD
$EndMODULE  U6

$MODULE "SW4"
reference "SW4"
value "436333033816"
footprint "misc:436333033816"
attribut none
position 141.709000 157.950000  orientation 180.00
layer back
$PAD ""
Shape Circle Layer both
position  2.125000  0.000000  size  0.900000  0.900000  orientation 0.00
drill  0.900000
shape_offset  0.000000  0.000000
$EndPAD
$PAD ""
Shape Circle Layer both
position -2.125000  0.000000  size  0.900000  0.900000  orientation 0.00
drill  0.900000
shape_offset  0.000000  0.000000
$EndPAD
$PAD "mp2"
Shape Rect Layer back
position  1.600000 -1.050000  size  1.300000  0.900000  orientation 0.00
drill  0.000000
shape_offset  0.000000  0.000000
$EndPAD
$PAD "mp1"
Shape Rect Layer back
position -1.600000 -1.050000  size  1.300000  0.900000  orientation 0.00
drill  0.000000
shape_offset  0.000000  0.000000
$EndPAD
$PAD "3"
Shape Rect Layer back
position  1.225000  0.900000  size  0.750000  1.800000  orientation 0.00
drill  0.000000
shape_offset  0.000000  0.000000
$EndPAD
$PAD "2"
Shape Rect Layer back
position  0.000000  0.900000  size  0.600000  1.800000  orientation 0.00
drill  0.000000
shape_offset  0.000000  0.000000
$EndPAD
$PAD "1"
Shape Rect Layer back
position -1.225000  0.900000  size  0.750000  1.800000  orientation 0.00
drill  0.000000
shape_offset  0.000000  0.000000
$EndPAD
$EndMODULE  SW4

$MODULE "JP8"
reference "JP8"
value "Jumper_NC_Small"
footprint "Jumper:SolderJumper-2_P1.3mm_Bridged2Bar_RoundedPad1.0x1.5mm"
attribut virtual
position 172.199000 117.300000  orientation 0.00
layer back
$PAD "1"
Shape CustomShape Layer back
position -0.650000  0.000000  size  1.000000  0.500000  orientation 0.00
drill  0.000000
shape_offset  0.000000  0.000000
$EndPAD
$PAD "2"
Shape CustomShape Layer back
position  0.650000  0.000000  size  1.000000  0.500000  orientation 0.00
drill  0.000000
shape_offset  0.000000  0.000000
$EndPAD
$EndMODULE  JP8

$MODULE "JP7"
reference "JP7"
value "Jumper_NC_Small"
footprint "Jumper:SolderJumper-2_P1.3mm_Bridged2Bar_RoundedPad1.0x1.5mm"
attribut virtual
position 160.699000 117.300000  orientation 0.00
layer back
$PAD "1"
Shape CustomShape Layer back
position -0.650000  0.000000  size  1.000000  0.500000  orientation 0.00
drill  0.000000
shape_offset  0.000000  0.000000
$EndPAD
$PAD "2"
Shape CustomShape Layer back
position  0.650000  0.000000  size  1.000000  0.500000  orientation 0.00
drill  0.000000
shape_offset  0.000000  0.000000
$EndPAD
$EndMODULE  JP7

$MODULE "JP6"
reference "JP6"
value "Jumper"
footprint "Jumper:SolderJumper-2_P1.3mm_Bridged2Bar_Pad1.0x1.5mm"
attribut virtual
position 166.639000 145.000000  orientation 270.00
layer back
$PAD "2"
Shape Rect Layer back
position  0.650000  0.000000  size  1.000000  1.500000  orientation 0.00
drill  0.000000
shape_offset  0.000000  0.000000
$EndPAD
$PAD "1"
Shape Rect Layer back
position -0.650000  0.000000  size  1.000000  1.500000  orientation 0.00
drill  0.000000
shape_offset  0.000000  0.000000
$EndPAD
$EndMODULE  JP6

$MODULE "R13"
reference "R13"
value "220 1%"
footprint "Resistor_SMD:R_0805_2012Metric"
attribut smd
position 158.799000 108.400000  orientation 0.00
layer back
$PAD "2"
Shape Roundrect Layer back
position  0.912500  0.000000  size  1.025000  1.400000  orientation 0.00
drill  0.000000
shape_offset  0.000000  0.000000
$EndPAD
$PAD "1"
Shape Roundrect Layer back
position -0.912500  0.000000  size  1.025000  1.400000  orientation 0.00
drill  0.000000
shape_offset  0.000000  0.000000
$EndPAD
$EndMODULE  R13

$MODULE "R12"
reference "R12"
value "220 1%"
footprint "Resistor_SMD:R_0805_2012Metric"
attribut smd
position 162.899000 108.400000  orientation 180.00
layer back
$PAD "2"
Shape Roundrect Layer back
position  0.912500  0.000000  size  1.025000  1.400000  orientation 0.00
drill  0.000000
shape_offset  0.000000  0.000000
$EndPAD
$PAD "1"
Shape Roundrect Layer back
position -0.912500  0.000000  size  1.025000  1.400000  orientation 0.00
drill  0.000000
shape_offset  0.000000  0.000000
$EndPAD
$EndMODULE  R12

$MODULE "R20"
reference "R20"
value "1.8K 1%"
footprint "Resistor_SMD:R_0805_2012Metric"
attribut smd
position 173.259000 101.300000  orientation 90.00
layer back
$PAD "2"
Shape Roundrect Layer back
position  0.912500  0.000000  size  1.025000  1.400000  orientation 0.00
drill  0.000000
shape_offset  0.000000  0.000000
$EndPAD
$PAD "1"
Shape Roundrect Layer back
position -0.912500  0.000000  size  1.025000  1.400000  orientation 0.00
drill  0.000000
shape_offset  0.000000  0.000000
$EndPAD
$EndMODULE  R20

$MODULE "R19"
reference "R19"
value "220 1%"
footprint "Resistor_SMD:R_0805_2012Metric"
attribut smd
position 170.099000 108.400000  orientation 0.00
layer back
$PAD "2"
Shape Roundrect Layer back
position  0.912500  0.000000  size  1.025000  1.400000  orientation 0.00
drill  0.000000
shape_offset  0.000000  0.000000
$EndPAD
$PAD "1"
Shape Roundrect Layer back
position -0.912500  0.000000  size  1.025000  1.400000  orientation 0.00
drill  0.000000
shape_offset  0.000000  0.000000
$EndPAD
$EndMODULE  R19

$MODULE "R18"
reference "R18"
value "220 1%"
footprint "Resistor_SMD:R_0805_2012Metric"
attribut smd
position 174.299000 108.450000  orientation 180.00
layer back
$PAD "2"
Shape Roundrect Layer back
position  0.912500  0.000000  size  1.025000  1.400000  orientation 0.00
drill  0.000000
shape_offset  0.000000  0.000000
$EndPAD
$PAD "1"
Shape Roundrect Layer back
position -0.912500  0.000000  size  1.025000  1.400000  orientation 0.00
drill  0.000000
shape_offset  0.000000  0.000000
$EndPAD
$EndMODULE  R18

$MODULE "R17"
reference "R17"
value "100 1%"
footprint "Resistor_SMD:R_0805_2012Metric"
attribut smd
position 170.099000 104.400000  orientation 180.00
layer back
$PAD "2"
Shape Roundrect Layer back
position  0.912500  0.000000  size  1.025000  1.400000  orientation 0.00
drill  0.000000
shape_offset  0.000000  0.000000
$EndPAD
$PAD "1"
Shape Roundrect Layer back
position -0.912500  0.000000  size  1.025000  1.400000  orientation 0.00
drill  0.000000
shape_offset  0.000000  0.000000
$EndPAD
$EndMODULE  R17

$MODULE "R11"
reference "R11"
value "100 1%"
footprint "Resistor_SMD:R_0805_2012Metric"
attribut smd
position 158.799000 104.400000  orientation 180.00
layer back
$PAD "2"
Shape Roundrect Layer back
position  0.912500  0.000000  size  1.025000  1.400000  orientation 0.00
drill  0.000000
shape_offset  0.000000  0.000000
$EndPAD
$PAD "1"
Shape Roundrect Layer back
position -0.912500  0.000000  size  1.025000  1.400000  orientation 0.00
drill  0.000000
shape_offset  0.000000  0.000000
$EndPAD
$EndMODULE  R11

$MODULE "R10"
reference "R10"
value "100 1%"
footprint "Resistor_SMD:R_0805_2012Metric"
attribut smd
position 162.899000 104.400000  orientation 0.00
layer back
$PAD "2"
Shape Roundrect Layer back
position  0.912500  0.000000  size  1.025000  1.400000  orientation 0.00
drill  0.000000
shape_offset  0.000000  0.000000
$EndPAD
$PAD "1"
Shape Roundrect Layer back
position -0.912500  0.000000  size  1.025000  1.400000  orientation 0.00
drill  0.000000
shape_offset  0.000000  0.000000
$EndPAD
$EndMODULE  R10

$MODULE "R9"
reference "R9"
value "1.8K 1%"
footprint "Resistor_SMD:R_0805_2012Metric"
attribut smd
position 159.899000 101.300000  orientation 90.00
layer back
$PAD "1"
Shape Roundrect Layer back
position -0.912500  0.000000  size  1.025000  1.400000  orientation 0.00
drill  0.000000
shape_offset  0.000000  0.000000
$EndPAD
$PAD "2"
Shape Roundrect Layer back
position  0.912500  0.000000  size  1.025000  1.400000  orientation 0.00
drill  0.000000
shape_offset  0.000000  0.000000
$EndPAD
$EndMODULE  R9

$MODULE "R8"
reference "R8"
value "1.8K 1%"
footprint "Resistor_SMD:R_0805_2012Metric"
attribut smd
position 171.139000 101.300000  orientation 90.00
layer back
$PAD "2"
Shape Roundrect Layer back
position  0.912500  0.000000  size  1.025000  1.400000  orientation 0.00
drill  0.000000
shape_offset  0.000000  0.000000
$EndPAD
$PAD "1"
Shape Roundrect Layer back
position -0.912500  0.000000  size  1.025000  1.400000  orientation 0.00
drill  0.000000
shape_offset  0.000000  0.000000
$EndPAD
$EndMODULE  R8

$MODULE "R5"
reference "R5"
value "1.8K 1%"
footprint "Resistor_SMD:R_0805_2012Metric"
attribut smd
position 161.899000 101.320000  orientation 90.00
layer back
$PAD "1"
Shape Roundrect Layer back
position -0.912500  0.000000  size  1.025000  1.400000  orientation 0.00
drill  0.000000
shape_offset  0.000000  0.000000
$EndPAD
$PAD "2"
Shape Roundrect Layer back
position  0.912500  0.000000  size  1.025000  1.400000  orientation 0.00
drill  0.000000
shape_offset  0.000000  0.000000
$EndPAD
$EndMODULE  R5

$MODULE "R4"
reference "R4"
value "100 1%"
footprint "Resistor_SMD:R_0805_2012Metric"
attribut smd
position 174.299000 104.450000  orientation 0.00
layer back
$PAD "2"
Shape Roundrect Layer back
position  0.912500  0.000000  size  1.025000  1.400000  orientation 0.00
drill  0.000000
shape_offset  0.000000  0.000000
$EndPAD
$PAD "1"
Shape Roundrect Layer back
position -0.912500  0.000000  size  1.025000  1.400000  orientation 0.00
drill  0.000000
shape_offset  0.000000  0.000000
$EndPAD
$EndMODULE  R4

$MODULE "C32"
reference "C32"
value "0.1uf"
footprint "Capacitor_SMD:C_0805_2012Metric"
attribut smd
position 169.099000 116.350000  orientation 90.00
layer back
$PAD "2"
Shape Roundrect Layer back
position  0.950000  0.000000  size  1.000000  1.450000  orientation 0.00
drill  0.000000
shape_offset  0.000000  0.000000
$EndPAD
$PAD "1"
Shape Roundrect Layer back
position -0.950000  0.000000  size  1.000000  1.450000  orientation 0.00
drill  0.000000
shape_offset  0.000000  0.000000
$EndPAD
$EndMODULE  C32

$MODULE "C18"
reference "C18"
value "0.1uf"
footprint "Capacitor_SMD:C_0805_2012Metric"
attribut smd
position 163.899000 116.350000  orientation 90.00
layer back
$PAD "2"
Shape Roundrect Layer back
position  0.950000  0.000000  size  1.000000  1.450000  orientation 0.00
drill  0.000000
shape_offset  0.000000  0.000000
$EndPAD
$PAD "1"
Shape Roundrect Layer back
position -0.950000  0.000000  size  1.000000  1.450000  orientation 0.00
drill  0.000000
shape_offset  0.000000  0.000000
$EndPAD
$EndMODULE  C18

$MODULE "C17"
reference "C17"
value "0.1uf 5%"
footprint "Capacitor_SMD:C_0805_2012Metric"
attribut smd
position 158.799000 106.400000  orientation 0.00
layer back
$PAD "2"
Shape Roundrect Layer back
position  0.950000  0.000000  size  1.000000  1.450000  orientation 0.00
drill  0.000000
shape_offset  0.000000  0.000000
$EndPAD
$PAD "1"
Shape Roundrect Layer back
position -0.950000  0.000000  size  1.000000  1.450000  orientation 0.00
drill  0.000000
shape_offset  0.000000  0.000000
$EndPAD
$EndMODULE  C17

$MODULE "C13"
reference "C13"
value "0.1uf 5%"
footprint "Capacitor_SMD:C_0805_2012Metric"
attribut smd
position 162.899000 106.400000  orientation 180.00
layer back
$PAD "2"
Shape Roundrect Layer back
position  0.950000  0.000000  size  1.000000  1.450000  orientation 0.00
drill  0.000000
shape_offset  0.000000  0.000000
$EndPAD
$PAD "1"
Shape Roundrect Layer back
position -0.950000  0.000000  size  1.000000  1.450000  orientation 0.00
drill  0.000000
shape_offset  0.000000  0.000000
$EndPAD
$EndMODULE  C13

$MODULE "C8"
reference "C8"
value "0.1uf 5%"
footprint "Capacitor_SMD:C_0805_2012Metric"
attribut smd
position 170.099000 106.400000  orientation 0.00
layer back
$PAD "2"
Shape Roundrect Layer back
position  0.950000  0.000000  size  1.000000  1.450000  orientation 0.00
drill  0.000000
shape_offset  0.000000  0.000000
$EndPAD
$PAD "1"
Shape Roundrect Layer back
position -0.950000  0.000000  size  1.000000  1.450000  orientation 0.00
drill  0.000000
shape_offset  0.000000  0.000000
$EndPAD
$EndMODULE  C8

$MODULE "C7"
reference "C7"
value "0.1uf 5%"
footprint "Capacitor_SMD:C_0805_2012Metric"
attribut smd
position 174.299000 106.450000  orientation 180.00
layer back
$PAD "2"
Shape Roundrect Layer back
position  0.950000  0.000000  size  1.000000  1.450000  orientation 0.00
drill  0.000000
shape_offset  0.000000  0.000000
$EndPAD
$PAD "1"
Shape Roundrect Layer back
position -0.950000  0.000000  size  1.000000  1.450000  orientation 0.00
drill  0.000000
shape_offset  0.000000  0.000000
$EndPAD
$EndMODULE  C7

$MODULE "C3"
reference "C3"
value "1uf ceramic"
footprint "Capacitor_SMD:C_0805_2012Metric"
attribut smd
position 139.099000 150.100000  orientation 90.00
layer back
$PAD "2"
Shape Roundrect Layer back
position  0.950000  0.000000  size  1.000000  1.450000  orientation 0.00
drill  0.000000
shape_offset  0.000000  0.000000
$EndPAD
$PAD "1"
Shape Roundrect Layer back
position -0.950000  0.000000  size  1.000000  1.450000  orientation 0.00
drill  0.000000
shape_offset  0.000000  0.000000
$EndPAD
$EndMODULE  C3

$MODULE "SW2"
reference "SW2"
value "EVQP40B3M"
footprint "misc:TL1105VF100Q"
attribut none
position 179.849000 88.618094  orientation 270.00
layer back
$PAD "3"
Shape Circle Layer both
position -3.510000 -2.590000  size  2.000000  2.000000  orientation 0.00
drill  1.200000
shape_offset  0.000000  0.000000
$EndPAD
$PAD "4"
Shape Circle Layer both
position  3.510000 -2.590000  size  2.000000  2.000000  orientation 0.00
drill  1.200000
shape_offset  0.000000  0.000000
$EndPAD
$PAD "1"
Shape Circle Layer both
position -2.240000 -5.080000  size  1.700000  1.700000  orientation 0.00
drill  0.900000
shape_offset  0.000000  0.000000
$EndPAD
$PAD "2"
Shape Circle Layer both
position  2.240000 -5.080000  size  1.700000  1.700000  orientation 0.00
drill  0.900000
shape_offset  0.000000  0.000000
$EndPAD
$EndMODULE  SW2

$MODULE "SW1"
reference "SW1"
value "EVQP40B3M"
footprint "misc:TL1105VF100Q"
attribut none
position 128.149000 88.500000  orientation 90.00
layer back
$PAD "3"
Shape Circle Layer both
position -3.510000 -2.590000  size  2.000000  2.000000  orientation 0.00
drill  1.200000
shape_offset  0.000000  0.000000
$EndPAD
$PAD "4"
Shape Circle Layer both
position  3.510000 -2.590000  size  2.000000  2.000000  orientation 0.00
drill  1.200000
shape_offset  0.000000  0.000000
$EndPAD
$PAD "1"
Shape Circle Layer both
position -2.240000 -5.080000  size  1.700000  1.700000  orientation 0.00
drill  0.900000
shape_offset  0.000000  0.000000
$EndPAD
$PAD "2"
Shape Circle Layer both
position  2.240000 -5.080000  size  1.700000  1.700000  orientation 0.00
drill  0.900000
shape_offset  0.000000  0.000000
$EndPAD
$EndMODULE  SW1

$MODULE "R16"
reference "R16"
value "10k"
footprint "Resistor_SMD:R_0805_2012Metric"
attribut smd
position 138.349000 140.350000  orientation 180.00
layer back
$PAD "2"
Shape Roundrect Layer back
position  0.912500  0.000000  size  1.025000  1.400000  orientation 0.00
drill  0.000000
shape_offset  0.000000  0.000000
$EndPAD
$PAD "1"
Shape Roundrect Layer back
position -0.912500  0.000000  size  1.025000  1.400000  orientation 0.00
drill  0.000000
shape_offset  0.000000  0.000000
$EndPAD
$EndMODULE  R16

$MODULE "R15"
reference "R15"
value "1k 5%"
footprint "Resistor_SMD:R_0805_2012Metric"
attribut smd
position 159.849000 149.500000  orientation 270.00
layer back
$PAD "2"
Shape Roundrect Layer back
position  0.912500  0.000000  size  1.025000  1.400000  orientation 0.00
drill  0.000000
shape_offset  0.000000  0.000000
$EndPAD
$PAD "1"
Shape Roundrect Layer back
position -0.912500  0.000000  size  1.025000  1.400000  orientation 0.00
drill  0.000000
shape_offset  0.000000  0.000000
$EndPAD
$EndMODULE  R15

$MODULE "R14"
reference "R14"
value "1k 5%"
footprint "Resistor_SMD:R_0805_2012Metric"
attribut smd
position 154.049000 124.850000  orientation 0.00
layer back
$PAD "2"
Shape Roundrect Layer back
position  0.912500  0.000000  size  1.025000  1.400000  orientation 0.00
drill  0.000000
shape_offset  0.000000  0.000000
$EndPAD
$PAD "1"
Shape Roundrect Layer back
position -0.912500  0.000000  size  1.025000  1.400000  orientation 0.00
drill  0.000000
shape_offset  0.000000  0.000000
$EndPAD
$EndMODULE  R14

$MODULE "JP5"
reference "JP5"
value "Jumper_NO_Small"
footprint "Jumper:SolderJumper-2_P1.3mm_Open_RoundedPad1.0x1.5mm"
attribut virtual
position 169.099000 112.300000  orientation 90.00
layer back
$PAD "2"
Shape CustomShape Layer back
position  0.650000  0.000000  size  1.000000  0.500000  orientation 0.00
drill  0.000000
shape_offset  0.000000  0.000000
$EndPAD
$PAD "1"
Shape CustomShape Layer back
position -0.650000  0.000000  size  1.000000  0.500000  orientation 0.00
drill  0.000000
shape_offset  0.000000  0.000000
$EndPAD
$EndMODULE  JP5

$MODULE "JP4"
reference "JP4"
value "Jumper_NO_Small"
footprint "Jumper:SolderJumper-2_P1.3mm_Open_RoundedPad1.0x1.5mm"
attribut virtual
position 175.699000 112.200000  orientation 90.00
layer back
$PAD "2"
Shape CustomShape Layer back
position  0.650000  0.000000  size  1.000000  0.500000  orientation 0.00
drill  0.000000
shape_offset  0.000000  0.000000
$EndPAD
$PAD "1"
Shape CustomShape Layer back
position -0.650000  0.000000  size  1.000000  0.500000  orientation 0.00
drill  0.000000
shape_offset  0.000000  0.000000
$EndPAD
$EndMODULE  JP4

$MODULE "JP3"
reference "JP3"
value "Jumper_NO_Small"
footprint "Jumper:SolderJumper-2_P1.3mm_Open_RoundedPad1.0x1.5mm"
attribut virtual
position 157.599000 112.300000  orientation 270.00
layer back
$PAD "2"
Shape CustomShape Layer back
position  0.650000  0.000000  size  1.000000  0.500000  orientation 0.00
drill  0.000000
shape_offset  0.000000  0.000000
$EndPAD
$PAD "1"
Shape CustomShape Layer back
position -0.650000  0.000000  size  1.000000  0.500000  orientation 0.00
drill  0.000000
shape_offset  0.000000  0.000000
$EndPAD
$EndMODULE  JP3

$MODULE "JP2"
reference "JP2"
value "Jumper_NO_Small"
footprint "Jumper:SolderJumper-2_P1.3mm_Open_RoundedPad1.0x1.5mm"
attribut virtual
position 163.999000 112.300000  orientation 270.00
layer back
$PAD "2"
Shape CustomShape Layer back
position  0.650000  0.000000  size  1.000000  0.500000  orientation 0.00
drill  0.000000
shape_offset  0.000000  0.000000
$EndPAD
$PAD "1"
Shape CustomShape Layer back
position -0.650000  0.000000  size  1.000000  0.500000  orientation 0.00
drill  0.000000
shape_offset  0.000000  0.000000
$EndPAD
$EndMODULE  JP2

$MODULE "JP1"
reference "JP1"
value "Jumper_NO_Small"
footprint "Connector_PinHeader_2.54mm:PinHeader_1x02_P2.54mm_Vertical"
attribut none
position 172.849000 159.400000  orientation 0.00
layer back
$PAD "2"
Shape Oval Layer both
position  0.000000 -2.540000  size  1.700000  1.700000  orientation 0.00
drill  1.000000
shape_offset  0.000000  0.000000
$EndPAD
$PAD "1"
Shape Rect Layer both
position  0.000000  0.000000  size  1.700000  1.700000  orientation 0.00
drill  1.000000
shape_offset  0.000000  0.000000
$EndPAD
$EndMODULE  JP1

$MODULE "D3"
reference "D3"
value "450mv drop"
footprint "Diode_SMD:D_0603_1608Metric"
attribut smd
position 148.449000 149.800000  orientation 270.00
layer back
$PAD "2"
Shape Roundrect Layer back
position  0.787500  0.000000  size  0.875000  0.950000  orientation 0.00
drill  0.000000
shape_offset  0.000000  0.000000
$EndPAD
$PAD "1"
Shape Roundrect Layer back
position -0.787500  0.000000  size  0.875000  0.950000  orientation 0.00
drill  0.000000
shape_offset  0.000000  0.000000
$EndPAD
$EndMODULE  D3

$MODULE "C33"
reference "C33"
value "47uf"
footprint "Capacitor_SMD:C_0805_2012Metric"
attribut smd
position 169.099000 101.300000  orientation 270.00
layer back
$PAD "2"
Shape Roundrect Layer back
position  0.950000  0.000000  size  1.000000  1.450000  orientation 0.00
drill  0.000000
shape_offset  0.000000  0.000000
$EndPAD
$PAD "1"
Shape Roundrect Layer back
position -0.950000  0.000000  size  1.000000  1.450000  orientation 0.00
drill  0.000000
shape_offset  0.000000  0.000000
$EndPAD
$EndMODULE  C33

$MODULE "C30"
reference "C30"
value "1uf"
footprint "Capacitor_SMD:C_0805_2012Metric"
attribut smd
position 156.819000 140.280000  orientation 90.00
layer back
$PAD "2"
Shape Roundrect Layer back
position  0.950000  0.000000  size  1.000000  1.450000  orientation 0.00
drill  0.000000
shape_offset  0.000000  0.000000
$EndPAD
$PAD "1"
Shape Roundrect Layer back
position -0.950000  0.000000  size  1.000000  1.450000  orientation 0.00
drill  0.000000
shape_offset  0.000000  0.000000
$EndPAD
$EndMODULE  C30

$MODULE "C29"
reference "C29"
value "0.1uf"
footprint "Capacitor_SMD:C_0805_2012Metric"
attribut smd
position 149.799000 142.675000  orientation 270.00
layer back
$PAD "2"
Shape Roundrect Layer back
position  0.950000  0.000000  size  1.000000  1.450000  orientation 0.00
drill  0.000000
shape_offset  0.000000  0.000000
$EndPAD
$PAD "1"
Shape Roundrect Layer back
position -0.950000  0.000000  size  1.000000  1.450000  orientation 0.00
drill  0.000000
shape_offset  0.000000  0.000000
$EndPAD
$EndMODULE  C29

$MODULE "C28"
reference "C28"
value "1uf"
footprint "Capacitor_SMD:C_0805_2012Metric"
attribut smd
position 158.879000 140.290000  orientation 90.00
layer back
$PAD "2"
Shape Roundrect Layer back
position  0.950000  0.000000  size  1.000000  1.450000  orientation 0.00
drill  0.000000
shape_offset  0.000000  0.000000
$EndPAD
$PAD "1"
Shape Roundrect Layer back
position -0.950000  0.000000  size  1.000000  1.450000  orientation 0.00
drill  0.000000
shape_offset  0.000000  0.000000
$EndPAD
$EndMODULE  C28

$MODULE "C27"
reference "C27"
value "0.1uf"
footprint "Capacitor_SMD:C_0805_2012Metric"
attribut smd
position 151.849000 142.675000  orientation 270.00
layer back
$PAD "2"
Shape Roundrect Layer back
position  0.950000  0.000000  size  1.000000  1.450000  orientation 0.00
drill  0.000000
shape_offset  0.000000  0.000000
$EndPAD
$PAD "1"
Shape Roundrect Layer back
position -0.950000  0.000000  size  1.000000  1.450000  orientation 0.00
drill  0.000000
shape_offset  0.000000  0.000000
$EndPAD
$EndMODULE  C27

$MODULE "C26"
reference "C26"
value "0.1uf"
footprint "Capacitor_SMD:C_0805_2012Metric"
attribut smd
position 153.899000 142.675000  orientation 270.00
layer back
$PAD "2"
Shape Roundrect Layer back
position  0.950000  0.000000  size  1.000000  1.450000  orientation 0.00
drill  0.000000
shape_offset  0.000000  0.000000
$EndPAD
$PAD "1"
Shape Roundrect Layer back
position -0.950000  0.000000  size  1.000000  1.450000  orientation 0.00
drill  0.000000
shape_offset  0.000000  0.000000
$EndPAD
$EndMODULE  C26

$MODULE "C25"
reference "C25"
value "0.1uf"
footprint "Capacitor_SMD:C_0805_2012Metric"
attribut smd
position 161.399000 136.550000  orientation 0.00
layer back
$PAD "2"
Shape Roundrect Layer back
position  0.950000  0.000000  size  1.000000  1.450000  orientation 0.00
drill  0.000000
shape_offset  0.000000  0.000000
$EndPAD
$PAD "1"
Shape Roundrect Layer back
position -0.950000  0.000000  size  1.000000  1.450000  orientation 0.00
drill  0.000000
shape_offset  0.000000  0.000000
$EndPAD
$EndMODULE  C25

$MODULE "C24"
reference "C24"
value "0.1uf"
footprint "Capacitor_SMD:C_0805_2012Metric"
attribut smd
position 161.489000 132.350000  orientation 0.00
layer back
$PAD "2"
Shape Roundrect Layer back
position  0.950000  0.000000  size  1.000000  1.450000  orientation 0.00
drill  0.000000
shape_offset  0.000000  0.000000
$EndPAD
$PAD "1"
Shape Roundrect Layer back
position -0.950000  0.000000  size  1.000000  1.450000  orientation 0.00
drill  0.000000
shape_offset  0.000000  0.000000
$EndPAD
$EndMODULE  C24

$MODULE "C23"
reference "C23"
value "0.1uf"
footprint "Capacitor_SMD:C_0805_2012Metric"
attribut smd
position 138.399000 146.250000  orientation 180.00
layer back
$PAD "2"
Shape Roundrect Layer back
position  0.950000  0.000000  size  1.000000  1.450000  orientation 0.00
drill  0.000000
shape_offset  0.000000  0.000000
$EndPAD
$PAD "1"
Shape Roundrect Layer back
position -0.950000  0.000000  size  1.000000  1.450000  orientation 0.00
drill  0.000000
shape_offset  0.000000  0.000000
$EndPAD
$EndMODULE  C23

$MODULE "C22"
reference "C22"
value "0.1uf"
footprint "Capacitor_SMD:C_0805_2012Metric"
attribut smd
position 158.099000 126.900000  orientation 0.00
layer back
$PAD "1"
Shape Roundrect Layer back
position -0.950000  0.000000  size  1.000000  1.450000  orientation 0.00
drill  0.000000
shape_offset  0.000000  0.000000
$EndPAD
$PAD "2"
Shape Roundrect Layer back
position  0.950000  0.000000  size  1.000000  1.450000  orientation 0.00
drill  0.000000
shape_offset  0.000000  0.000000
$EndPAD
$EndMODULE  C22

$MODULE "C21"
reference "C21"
value "0.1uf"
footprint "Capacitor_SMD:C_0805_2012Metric"
attribut smd
position 158.099000 124.875000  orientation 0.00
layer back
$PAD "1"
Shape Roundrect Layer back
position -0.950000  0.000000  size  1.000000  1.450000  orientation 0.00
drill  0.000000
shape_offset  0.000000  0.000000
$EndPAD
$PAD "2"
Shape Roundrect Layer back
position  0.950000  0.000000  size  1.000000  1.450000  orientation 0.00
drill  0.000000
shape_offset  0.000000  0.000000
$EndPAD
$EndMODULE  C21

$MODULE "C20"
reference "C20"
value "0.1uf"
footprint "Capacitor_SMD:C_0805_2012Metric"
attribut smd
position 145.949000 133.100000  orientation 180.00
layer back
$PAD "2"
Shape Roundrect Layer back
position  0.950000  0.000000  size  1.000000  1.450000  orientation 0.00
drill  0.000000
shape_offset  0.000000  0.000000
$EndPAD
$PAD "1"
Shape Roundrect Layer back
position -0.950000  0.000000  size  1.000000  1.450000  orientation 0.00
drill  0.000000
shape_offset  0.000000  0.000000
$EndPAD
$EndMODULE  C20

$MODULE "C19"
reference "C19"
value "0.1uf"
footprint "Capacitor_SMD:C_0805_2012Metric"
attribut smd
position 145.999000 137.100000  orientation 180.00
layer back
$PAD "2"
Shape Roundrect Layer back
position  0.950000  0.000000  size  1.000000  1.450000  orientation 0.00
drill  0.000000
shape_offset  0.000000  0.000000
$EndPAD
$PAD "1"
Shape Roundrect Layer back
position -0.950000  0.000000  size  1.000000  1.450000  orientation 0.00
drill  0.000000
shape_offset  0.000000  0.000000
$EndPAD
$EndMODULE  C19

$MODULE "C14"
reference "C14"
value "47uf"
footprint "Capacitor_SMD:C_0805_2012Metric"
attribut smd
position 175.299000 101.300000  orientation 270.00
layer back
$PAD "2"
Shape Roundrect Layer back
position  0.950000  0.000000  size  1.000000  1.450000  orientation 0.00
drill  0.000000
shape_offset  0.000000  0.000000
$EndPAD
$PAD "1"
Shape Roundrect Layer back
position -0.950000  0.000000  size  1.000000  1.450000  orientation 0.00
drill  0.000000
shape_offset  0.000000  0.000000
$EndPAD
$EndMODULE  C14

$MODULE "C10"
reference "C10"
value "47uf"
footprint "Capacitor_SMD:C_0805_2012Metric"
attribut smd
position 163.899000 101.300000  orientation 270.00
layer back
$PAD "1"
Shape Roundrect Layer back
position -0.950000  0.000000  size  1.000000  1.450000  orientation 0.00
drill  0.000000
shape_offset  0.000000  0.000000
$EndPAD
$PAD "2"
Shape Roundrect Layer back
position  0.950000  0.000000  size  1.000000  1.450000  orientation 0.00
drill  0.000000
shape_offset  0.000000  0.000000
$EndPAD
$EndMODULE  C10

$MODULE "C5"
reference "C5"
value "1uf ceramic"
footprint "Capacitor_SMD:C_0805_2012Metric"
attribut smd
position 145.539000 156.790000  orientation 90.00
layer back
$PAD "2"
Shape Roundrect Layer back
position  0.950000  0.000000  size  1.000000  1.450000  orientation 0.00
drill  0.000000
shape_offset  0.000000  0.000000
$EndPAD
$PAD "1"
Shape Roundrect Layer back
position -0.950000  0.000000  size  1.000000  1.450000  orientation 0.00
drill  0.000000
shape_offset  0.000000  0.000000
$EndPAD
$EndMODULE  C5

$MODULE "C6"
reference "C6"
value "47uf"
footprint "Capacitor_SMD:C_0805_2012Metric"
attribut smd
position 157.899000 101.300000  orientation 270.00
layer back
$PAD "1"
Shape Roundrect Layer back
position -0.950000  0.000000  size  1.000000  1.450000  orientation 0.00
drill  0.000000
shape_offset  0.000000  0.000000
$EndPAD
$PAD "2"
Shape Roundrect Layer back
position  0.950000  0.000000  size  1.000000  1.450000  orientation 0.00
drill  0.000000
shape_offset  0.000000  0.000000
$EndPAD
$EndMODULE  C6

$MODULE "U3"
reference "U3"
value "LSM6DSO32XTR"
footprint "LSM6DSO32XTR:LSM6DSO32XTR"
attribut none
position 153.999000 95.290000  orientation 0.00
layer back
$PAD "14"
Shape Rect Layer back
position -0.500126  0.927100  size  0.304800  0.533400  orientation 0.00
drill  0.000000
shape_offset  0.000000  0.000000
$EndPAD
$PAD "13"
Shape Rect Layer back
position  0.000000  0.927100  size  0.304800  0.533400  orientation 0.00
drill  0.000000
shape_offset  0.000000  0.000000
$EndPAD
$PAD "12"
Shape Rect Layer back
position  0.500126  0.927100  size  0.304800  0.533400  orientation 0.00
drill  0.000000
shape_offset  0.000000  0.000000
$EndPAD
$PAD "11"
Shape Rect Layer back
position  1.181100  0.750189  size  0.304800  0.533400  orientation 270.00
drill  0.000000
shape_offset  0.000000  0.000000
$EndPAD
$PAD "10"
Shape Rect Layer back
position  1.181100  0.250063  size  0.304800  0.533400  orientation 270.00
drill  0.000000
shape_offset  0.000000  0.000000
$EndPAD
$PAD "9"
Shape Rect Layer back
position  1.181100 -0.250063  size  0.304800  0.533400  orientation 270.00
drill  0.000000
shape_offset  0.000000  0.000000
$EndPAD
$PAD "8"
Shape Rect Layer back
position  1.181100 -0.750189  size  0.304800  0.533400  orientation 270.00
drill  0.000000
shape_offset  0.000000  0.000000
$EndPAD
$PAD "7"
Shape Rect Layer back
position  0.500126 -0.927100  size  0.304800  0.533400  orientation 0.00
drill  0.000000
shape_offset  0.000000  0.000000
$EndPAD
$PAD "6"
Shape Rect Layer back
position  0.000000 -0.927100  size  0.304800  0.533400  orientation 0.00
drill  0.000000
shape_offset  0.000000  0.000000
$EndPAD
$PAD "5"
Shape Rect Layer back
position -0.500126 -0.927100  size  0.304800  0.533400  orientation 0.00
drill  0.000000
shape_offset  0.000000  0.000000
$EndPAD
$PAD "4"
Shape Rect Layer back
position -1.181100 -0.750189  size  0.304800  0.533400  orientation 270.00
drill  0.000000
shape_offset  0.000000  0.000000
$EndPAD
$PAD "3"
Shape Rect Layer back
position -1.181100 -0.250063  size  0.304800  0.533400  orientation 270.00
drill  0.000000
shape_offset  0.000000  0.000000
$EndPAD
$PAD "2"
Shape Rect Layer back
position -1.181100  0.250063  size  0.304800  0.533400  orientation 270.00
drill  0.000000
shape_offset  0.000000  0.000000
$EndPAD
$PAD "1"
Shape Rect Layer back
position -1.181100  0.750189  size  0.304800  0.533400  orientation 270.00
drill  0.000000
shape_offset  0.000000  0.000000
$EndPAD
$EndMODULE  U3

$MODULE "R7"
reference "R7"
value "27 5%"
footprint "Resistor_SMD:R_0805_2012Metric"
attribut smd
position 153.049000 149.470000  orientation 90.00
layer back
$PAD "2"
Shape Roundrect Layer back
position  0.912500  0.000000  size  1.025000  1.400000  orientation 0.00
drill  0.000000
shape_offset  0.000000  0.000000
$EndPAD
$PAD "1"
Shape Roundrect Layer back
position -0.912500  0.000000  size  1.025000  1.400000  orientation 0.00
drill  0.000000
shape_offset  0.000000  0.000000
$EndPAD
$EndMODULE  R7

$MODULE "R3"
reference "R3"
value "27 5%"
footprint "Resistor_SMD:R_0805_2012Metric"
attribut smd
position 155.049000 149.470000  orientation 270.00
layer back
$PAD "2"
Shape Roundrect Layer back
position  0.912500  0.000000  size  1.025000  1.400000  orientation 0.00
drill  0.000000
shape_offset  0.000000  0.000000
$EndPAD
$PAD "1"
Shape Roundrect Layer back
position -0.912500  0.000000  size  1.025000  1.400000  orientation 0.00
drill  0.000000
shape_offset  0.000000  0.000000
$EndPAD
$EndMODULE  R3

$MODULE "R2"
reference "R2"
value "5.1k"
footprint "Resistor_SMD:R_0805_2012Metric"
attribut smd
position 150.559000 149.470000  orientation 270.00
layer back
$PAD "2"
Shape Roundrect Layer back
position  0.912500  0.000000  size  1.025000  1.400000  orientation 0.00
drill  0.000000
shape_offset  0.000000  0.000000
$EndPAD
$PAD "1"
Shape Roundrect Layer back
position -0.912500  0.000000  size  1.025000  1.400000  orientation 0.00
drill  0.000000
shape_offset  0.000000  0.000000
$EndPAD
$EndMODULE  R2

$MODULE "R1"
reference "R1"
value "5.1k"
footprint "Resistor_SMD:R_0805_2012Metric"
attribut smd
position 157.519000 149.470000  orientation 90.00
layer back
$PAD "2"
Shape Roundrect Layer back
position  0.912500  0.000000  size  1.025000  1.400000  orientation 0.00
drill  0.000000
shape_offset  0.000000  0.000000
$EndPAD
$PAD "1"
Shape Roundrect Layer back
position -0.912500  0.000000  size  1.025000  1.400000  orientation 0.00
drill  0.000000
shape_offset  0.000000  0.000000
$EndPAD
$EndMODULE  R1

$MODULE "C4"
reference "C4"
value "0.1uf"
footprint "Capacitor_SMD:C_0805_2012Metric"
attribut smd
position 157.399000 95.550000  orientation 270.00
layer back
$PAD "2"
Shape Roundrect Layer back
position  0.950000  0.000000  size  1.000000  1.450000  orientation 0.00
drill  0.000000
shape_offset  0.000000  0.000000
$EndPAD
$PAD "1"
Shape Roundrect Layer back
position -0.950000  0.000000  size  1.000000  1.450000  orientation 0.00
drill  0.000000
shape_offset  0.000000  0.000000
$EndPAD
$EndMODULE  C4

$MODULE "C2"
reference "C2"
value "0.1uf"
footprint "Capacitor_SMD:C_0805_2012Metric"
attribut smd
position 150.649000 95.500000  orientation 270.00
layer back
$PAD "2"
Shape Roundrect Layer back
position  0.950000  0.000000  size  1.000000  1.450000  orientation 0.00
drill  0.000000
shape_offset  0.000000  0.000000
$EndPAD
$PAD "1"
Shape Roundrect Layer back
position -0.950000  0.000000  size  1.000000  1.450000  orientation 0.00
drill  0.000000
shape_offset  0.000000  0.000000
$EndPAD
$EndMODULE  C2

$MODULE "R6"
reference "R6"
value "5.1k"
footprint "Resistor_SMD:R_0805_2012Metric"
attribut smd
position 145.349116 62.481906  orientation 270.00
layer back
$PAD "1"
Shape Roundrect Layer back
position -0.912500  0.000000  size  1.025000  1.400000  orientation 0.00
drill  0.000000
shape_offset  0.000000  0.000000
$EndPAD
$PAD "2"
Shape Roundrect Layer back
position  0.912500  0.000000  size  1.025000  1.400000  orientation 0.00
drill  0.000000
shape_offset  0.000000  0.000000
$EndPAD
$EndMODULE  R6

$EndDESCRIPTION
